Removed Pin From Net: NetName=PB13 Pin=J1-1
Removed Pin From Net: NetName=PB12 Pin=J1-2
Removed Pin From Net: NetName=PB15 Pin=J1-3
Removed Pin From Net: NetName=PB14 Pin=J1-4
Removed Pin From Net: NetName=PA9 Pin=J1-5
Removed Pin From Net: NetName=PA8 Pin=J1-6
Removed Pin From Net: NetName=PA11 Pin=J1-7
Removed Pin From Net: NetName=PA10 Pin=J1-8
Removed Pin From Net: NetName=DIO Pin=J1-9
Removed Pin From Net: NetName=PA12 Pin=J1-10
Removed Pin From Net: NetName=TDI Pin=J1-11
Removed Pin From Net: NetName=CLK Pin=J1-12
Removed Pin From Net: NetName=TRST Pin=J1-13
Removed Pin From Net: NetName=JTDO/PB3 Pin=J1-14
Removed Pin From Net: NetName=PB6 Pin=J1-15
Removed Pin From Net: NetName=PB5 Pin=J1-16
Removed Pin From Net: NetName=BOOT0 Pin=J1-17
Removed Pin From Net: NetName=PB7 Pin=J1-18
Removed Pin From Net: NetName=PB9 Pin=J1-19
Removed Pin From Net: NetName=PB8 Pin=J1-20
Removed Pin From Net: NetName=3V3 Pin=P?-1
Removed Pin From Net: NetName=GND Pin=P?-2
Removed Pin From Net: NetName=PB11 Pin=P?-3
Removed Pin From Net: NetName=PB10 Pin=P?-4
Removed Pin From Net: NetName=PB2 Pin=P?-5
Removed Pin From Net: NetName=PB1 Pin=P?-6
Removed Pin From Net: NetName=PB0 Pin=P?-7
Removed Pin From Net: NetName=PA7 Pin=P?-8
Removed Pin From Net: NetName=PA6 Pin=P?-9
Removed Pin From Net: NetName=PA5 Pin=P?-10
Removed Pin From Net: NetName=PA4 Pin=P?-11
Removed Pin From Net: NetName=PA3 Pin=P?-12
Removed Pin From Net: NetName=PA2 Pin=P?-13
Removed Pin From Net: NetName=PA1 Pin=P?-14
Removed Pin From Net: NetName=PA0 Pin=P?-15
Removed Pin From Net: NetName=NRST Pin=P?-16
Removed Pin From Net: NetName=PC15 Pin=P?-17
Removed Pin From Net: NetName=PC14 Pin=P?-18
Removed Pin From Net: NetName=PC13 Pin=P?-19
Removed Pin From Net: NetName=VBAT Pin=P?-20
Added Pin To Net: NetName=3V3 Pin=J1-1
Added Pin To Net: NetName=PA2 Pin=J1-2
Added Pin To Net: NetName=PA1 Pin=J1-3
Added Pin To Net: NetName=PA0 Pin=J1-4
Added Pin To Net: NetName=NRST Pin=J1-5
Added Pin To Net: NetName=PC15 Pin=J1-6
Added Pin To Net: NetName=PC14 Pin=J1-7
Added Pin To Net: NetName=PC13 Pin=J1-8
Added Pin To Net: NetName=VBAT Pin=J1-9
Added Pin To Net: NetName=PB9 Pin=J1-10
Added Pin To Net: NetName=PB8 Pin=J1-11
Added Pin To Net: NetName=BOOT0 Pin=J1-12
Added Pin To Net: NetName=PB7 Pin=J1-13
Added Pin To Net: NetName=PB6 Pin=J1-14
Added Pin To Net: NetName=PB5 Pin=J1-15
Added Pin To Net: NetName=TRST Pin=J1-16
Added Pin To Net: NetName=JTDO/PB3 Pin=J1-17
Added Pin To Net: NetName=TDI Pin=J1-18
Added Pin To Net: NetName=CLK Pin=J1-19
Added Pin To Net: NetName=DIO Pin=J1-20
Added Pin To Net: NetName=PA3 Pin=P?-1
Added Pin To Net: NetName=PA4 Pin=P?-2
Added Pin To Net: NetName=PA5 Pin=P?-3
Added Pin To Net: NetName=PA6 Pin=P?-4
Added Pin To Net: NetName=PA7 Pin=P?-5
Added Pin To Net: NetName=PB0 Pin=P?-6
Added Pin To Net: NetName=PB1 Pin=P?-7
Added Pin To Net: NetName=PB2 Pin=P?-8
Added Pin To Net: NetName=PB10 Pin=P?-9
Added Pin To Net: NetName=PB11 Pin=P?-10
Added Pin To Net: NetName=PB12 Pin=P?-11
Added Pin To Net: NetName=PB13 Pin=P?-12
Added Pin To Net: NetName=PB14 Pin=P?-13
Added Pin To Net: NetName=PB15 Pin=P?-14
Added Pin To Net: NetName=PA8 Pin=P?-15
Added Pin To Net: NetName=PA9 Pin=P?-16
Added Pin To Net: NetName=PA10 Pin=P?-17
Added Pin To Net: NetName=PA11 Pin=P?-18
Added Pin To Net: NetName=PA12 Pin=P?-19
Added Pin To Net: NetName=GND Pin=P?-20
Added Room: Name=Он╗Г
