Removed Pin From Net: NetName=NetK3_1 Pin=K3-1
Removed Pin From Net: NetName=NetK3_2 Pin=K3-2
Removed Pin From Net: NetName=NetK3_1 Pin=K4-1
Removed Pin From Net: NetName=NetK4_2 Pin=K4-2
Removed Pin From Net: NetName=NetK3_1 Pin=K5-1
Removed Pin From Net: NetName=NetK5_2 Pin=K5-2
Removed Pin From Net: NetName=NetK6_1 Pin=K6-1
Removed Pin From Net: NetName=NetK3_2 Pin=K6-2
Removed Pin From Net: NetName=NetK6_1 Pin=K7-1
Removed Pin From Net: NetName=NetK4_2 Pin=K7-2
Removed Pin From Net: NetName=NetK6_1 Pin=K8-1
Removed Pin From Net: NetName=NetK5_2 Pin=K8-2
Removed Pin From Net: NetName=NetK9_1 Pin=K9-1
Removed Pin From Net: NetName=NetK3_2 Pin=K9-2
Removed Pin From Net: NetName=NetK9_1 Pin=K10-1
Removed Pin From Net: NetName=NetK4_2 Pin=K10-2
Removed Pin From Net: NetName=NetK9_1 Pin=K11-1
Removed Pin From Net: NetName=NetK5_2 Pin=K11-2
Removed Pin From Net: NetName=NetK12_1 Pin=K12-1
Removed Pin From Net: NetName=NetK3_2 Pin=K12-2
Removed Pin From Net: NetName=NetK12_1 Pin=K13-1
Removed Pin From Net: NetName=NetK4_2 Pin=K13-2
Removed Pin From Net: NetName=NetK12_1 Pin=K14-1
Removed Pin From Net: NetName=NetK5_2 Pin=K14-2
Added Component: Designator=K3(TSW SMD-3*6*2.5)
Add component. Clean all parameters for all variants
Add component (AddParameter): Name = "BOM名称"; Value = "3x6轻触开关"; VariantName = "[No Variations]"
Add component (AddParameter): Name = "学习资源"; Value = "www.ooocke.com"; VariantName = "[No Variations]"
Add component (AddParameter): Name = "版权归属"; Value = "源创客"; VariantName = "[No Variations]"
Added Component: Designator=K4(TSW SMD-3*6*2.5)
Add component. Clean all parameters for all variants
Add component (AddParameter): Name = "BOM名称"; Value = "3x6轻触开关"; VariantName = "[No Variations]"
Add component (AddParameter): Name = "学习资源"; Value = "www.ooocke.com"; VariantName = "[No Variations]"
Add component (AddParameter): Name = "版权归属"; Value = "源创客"; VariantName = "[No Variations]"
Added Component: Designator=K5(TSW SMD-3*6*2.5)
Add component. Clean all parameters for all variants
Add component (AddParameter): Name = "BOM名称"; Value = "3x6轻触开关"; VariantName = "[No Variations]"
Add component (AddParameter): Name = "学习资源"; Value = "www.ooocke.com"; VariantName = "[No Variations]"
Add component (AddParameter): Name = "版权归属"; Value = "源创客"; VariantName = "[No Variations]"
Added Component: Designator=K6(TSW SMD-3*6*2.5)
Add component. Clean all parameters for all variants
Add component (AddParameter): Name = "BOM名称"; Value = "3x6轻触开关"; VariantName = "[No Variations]"
Add component (AddParameter): Name = "学习资源"; Value = "www.ooocke.com"; VariantName = "[No Variations]"
Add component (AddParameter): Name = "版权归属"; Value = "源创客"; VariantName = "[No Variations]"
Added Component: Designator=K7(TSW SMD-3*6*2.5)
Add component. Clean all parameters for all variants
Add component (AddParameter): Name = "BOM名称"; Value = "3x6轻触开关"; VariantName = "[No Variations]"
Add component (AddParameter): Name = "学习资源"; Value = "www.ooocke.com"; VariantName = "[No Variations]"
Add component (AddParameter): Name = "版权归属"; Value = "源创客"; VariantName = "[No Variations]"
Added Component: Designator=K8(TSW SMD-3*6*2.5)
Add component. Clean all parameters for all variants
Add component (AddParameter): Name = "BOM名称"; Value = "3x6轻触开关"; VariantName = "[No Variations]"
Add component (AddParameter): Name = "学习资源"; Value = "www.ooocke.com"; VariantName = "[No Variations]"
Add component (AddParameter): Name = "版权归属"; Value = "源创客"; VariantName = "[No Variations]"
Added Component: Designator=K9(TSW SMD-3*6*2.5)
Add component. Clean all parameters for all variants
Add component (AddParameter): Name = "BOM名称"; Value = "3x6轻触开关"; VariantName = "[No Variations]"
Add component (AddParameter): Name = "学习资源"; Value = "www.ooocke.com"; VariantName = "[No Variations]"
Add component (AddParameter): Name = "版权归属"; Value = "源创客"; VariantName = "[No Variations]"
Added Component: Designator=K10(TSW SMD-3*6*2.5)
Add component. Clean all parameters for all variants
Add component (AddParameter): Name = "BOM名称"; Value = "3x6轻触开关"; VariantName = "[No Variations]"
Add component (AddParameter): Name = "学习资源"; Value = "www.ooocke.com"; VariantName = "[No Variations]"
Add component (AddParameter): Name = "版权归属"; Value = "源创客"; VariantName = "[No Variations]"
Added Component: Designator=K11(TSW SMD-3*6*2.5)
Add component. Clean all parameters for all variants
Add component (AddParameter): Name = "BOM名称"; Value = "3x6轻触开关"; VariantName = "[No Variations]"
Add component (AddParameter): Name = "学习资源"; Value = "www.ooocke.com"; VariantName = "[No Variations]"
Add component (AddParameter): Name = "版权归属"; Value = "源创客"; VariantName = "[No Variations]"
Added Component: Designator=K12(TSW SMD-3*6*2.5)
Add component. Clean all parameters for all variants
Add component (AddParameter): Name = "BOM名称"; Value = "3x6轻触开关"; VariantName = "[No Variations]"
Add component (AddParameter): Name = "学习资源"; Value = "www.ooocke.com"; VariantName = "[No Variations]"
Add component (AddParameter): Name = "版权归属"; Value = "源创客"; VariantName = "[No Variations]"
Added Component: Designator=K13(TSW SMD-3*6*2.5)
Add component. Clean all parameters for all variants
Add component (AddParameter): Name = "BOM名称"; Value = "3x6轻触开关"; VariantName = "[No Variations]"
Add component (AddParameter): Name = "学习资源"; Value = "www.ooocke.com"; VariantName = "[No Variations]"
Add component (AddParameter): Name = "版权归属"; Value = "源创客"; VariantName = "[No Variations]"
Added Component: Designator=K14(TSW SMD-3*6*2.5)
Add component. Clean all parameters for all variants
Add component (AddParameter): Name = "BOM名称"; Value = "3x6轻触开关"; VariantName = "[No Variations]"
Add component (AddParameter): Name = "学习资源"; Value = "www.ooocke.com"; VariantName = "[No Variations]"
Add component (AddParameter): Name = "版权归属"; Value = "源创客"; VariantName = "[No Variations]"
Added Pin To Net: NetName=NetK3_1 Pin=K3-1
Added Pin To Net: NetName=NetK3_2 Pin=K3-2
Added Pin To Net: NetName=NetK3_1 Pin=K4-1
Added Pin To Net: NetName=NetK4_2 Pin=K4-2
Added Pin To Net: NetName=NetK3_1 Pin=K5-1
Added Pin To Net: NetName=NetK5_2 Pin=K5-2
Added Pin To Net: NetName=NetK6_1 Pin=K6-1
Added Pin To Net: NetName=NetK3_2 Pin=K6-2
Added Pin To Net: NetName=NetK6_1 Pin=K7-1
Added Pin To Net: NetName=NetK4_2 Pin=K7-2
Added Pin To Net: NetName=NetK6_1 Pin=K8-1
Added Pin To Net: NetName=NetK5_2 Pin=K8-2
Added Pin To Net: NetName=NetK9_1 Pin=K9-1
Added Pin To Net: NetName=NetK3_2 Pin=K9-2
Added Pin To Net: NetName=NetK9_1 Pin=K10-1
Added Pin To Net: NetName=NetK4_2 Pin=K10-2
Added Pin To Net: NetName=NetK9_1 Pin=K11-1
Added Pin To Net: NetName=NetK5_2 Pin=K11-2
Added Pin To Net: NetName=NetK12_1 Pin=K12-1
Added Pin To Net: NetName=NetK3_2 Pin=K12-2
Added Pin To Net: NetName=NetK12_1 Pin=K13-1
Added Pin To Net: NetName=NetK4_2 Pin=K13-2
Added Pin To Net: NetName=NetK12_1 Pin=K14-1
Added Pin To Net: NetName=NetK5_2 Pin=K14-2
Added Room: Name=自画
