Removed Pin From Net: NetName=GND Pin=P?-12
Removed Pin From Net: NetName=GND Pin=P?-14
Removed Pin From Net: NetName=GND Pin=P?-15
Removed Pin From Net: NetName=GND Pin=R11-2
Removed Pin From Net: NetName=GND Pin=R12-2
Removed Pin From Net: NetName=GND Pin=R13-2
Removed Pin From Net: NetName=GND Pin=U1-26
Removed Pin From Net: NetName=GND Pin=U1-28
Removed Pin From Net: NetName=GND Pin=U1-29
Removed Pin From Net: NetName=GND Pin=U4-1
Removed Pin From Net: NetName=GND Pin=U4-2
Removed Pin From Net: NetName=GND Pin=U4-3
Added Pin To Net: NetName=3V3 Pin=P?-12
Added Pin To Net: NetName=3V3 Pin=P?-14
Added Pin To Net: NetName=3V3 Pin=P?-15
Added Pin To Net: NetName=3V3 Pin=U1-26
Added Pin To Net: NetName=3V3 Pin=U1-28
Added Pin To Net: NetName=3V3 Pin=U1-29
Added Pin To Net: NetName=NetR11_2 Pin=R11-2
Added Pin To Net: NetName=NetR11_2 Pin=U4-1
Added Net: Name=NetR11_2
Added Pin To Net: NetName=NetR12_2 Pin=R12-2
Added Pin To Net: NetName=NetR12_2 Pin=U4-2
Added Net: Name=NetR12_2
Added Pin To Net: NetName=NetR13_2 Pin=R13-2
Added Pin To Net: NetName=NetR13_2 Pin=U4-3
Added Net: Name=NetR13_2
Added Room: Name=Он╗Г
