Removed Pin From Net: NetName=3.3v Pin=J3-1
Removed Pin From Net: NetName=3.3v Pin=J3-2
Removed Pin From Net: NetName=3.3v Pin=J3-3
Removed Pin From Net: NetName=3.3v Pin=J3-4
Removed Pin From Net: NetName=5v Pin=J3-5
Removed Pin From Net: NetName=5v Pin=J3-6
Removed Pin From Net: NetName=5v Pin=J3-7
Removed Pin From Net: NetName=5v Pin=J3-8
Removed Pin From Net: NetName=GND Pin=J3-9
Removed Pin From Net: NetName=GND Pin=J3-10
Removed Pin From Net: NetName=GND Pin=J3-11
Removed Pin From Net: NetName=GND Pin=J3-12
Added Component: Designator=J3(HDR-1X6)
Add component. Clean all parameters for all variants
Add component (AddParameter): Name = "BOM名称"; Value = "6P接插件"; VariantName = "[No Variations]"
Add component (AddParameter): Name = "学习资源"; Value = "www.ooocke.com"; VariantName = "[No Variations]"
Add component (AddParameter): Name = "版权归属"; Value = "源创客"; VariantName = "[No Variations]"
Added Pin To Net: NetName=3.3v Pin=J3-1
Added Pin To Net: NetName=3.3v Pin=J3-2
Added Pin To Net: NetName=5v Pin=J3-3
Added Pin To Net: NetName=5v Pin=J3-4
Added Pin To Net: NetName=GND Pin=J3-5
Added Pin To Net: NetName=GND Pin=J3-6
Added Room: Name=c8t61
